#
# A fatal error has been detected by the Java Runtime Environment:
#
#  SIGSEGV (0xb) at pc=0x00000001dbbd05dd, pid=23152, tid=1811
#
# JRE version: Java(TM) SE Runtime Environment (8.0_40-b27) (build 1.8.0_40-b27)
# Java VM: Java HotSpot(TM) 64-Bit Server VM (25.40-b25 mixed mode bsd-amd64 compressed oops)
# Problematic frame:
# C  [libglass.dylib+0x155dd]  GlassScreenDidChangeScreenParameters+0x9d
#
# Failed to write core dump. Core dumps have been disabled. To enable core dumping, try "ulimit -c unlimited" before starting Java again
#
# If you would like to submit a bug report, please visit:
#   http://bugreport.java.com/bugreport/crash.jsp
#

---------------  T H R E A D  ---------------

Current thread is native thread

siginfo: si_signo: 11 (SIGSEGV), si_code: 1 (SEGV_MAPERR), si_addr: 0x0000000000000000

Registers:
RAX=0x00000001dbc02bc0, RBX=0x0000000000000000, RCX=0x140049470e461b96, RDX=0x00007fbcd8dba050
RSP=0x00007fff5e7202b0, RBP=0x00007fff5e7202c0, RSI=0x00007fbcd8f013d8, RDI=0x0000000000000000
R8 =0x00007fff5e720160, R9 =0x00007fff71ff4300, R10=0x0000000000000000, R11=0x0000000000000246
R12=0x00007fbcd8d1df80, R13=0x00000000000f4268, R14=0x00007fbcd8db9f60, R15=0x00007fff5e720400
RIP=0x00000001dbbd05dd, EFLAGS=0x0000000000010206, ERR=0x0000000000000004
  TRAPNO=0x000000000000000e

Top of Stack: (sp=0x00007fff5e7202b0)
0x00007fff5e7202b0:   00007fff5e720490 00007fbcd8db9f60
0x00007fff5e7202c0:   00007fff5e7202d0 00007fff8645ecdc
0x00007fff5e7202d0:   00007fff5e720630 00007fff86350244
0x00007fff5e7202e0:   00007fff5e720330 0000000000001400
0x00007fff5e7202f0:   00007fff71d31cf0 00007fbcd8c0cc90
0x00007fff5e720300:   0000000000001002 00000000000008e8
0x00007fff5e720310:   00007fbcd8c0cc90 00007fbcd8db9f60
0x00007fff5e720320:   0000000000000000 00007fff5e720400
0x00007fff5e720330:   0000000000000000 00007fbcd8db9ed0
0x00007fff5e720340:   00007fff5e720480 000000000000005f
0x00007fff5e720350:   00000000000f4329 00007fbcd8fac8f0
0x00007fff5e720360:   00007fbcd8f87650 00007fbcd8d1df80
0x00007fff5e720370:   0000000000000001 00000000000f4268
0x00007fff5e720380:   00007fbcd8d1df70 00007fff88797acb
0x00007fff5e720390:   0000000000000001 0000000000000001
0x00007fff5e7203a0:   0000000000000030 0000000000000001
0x00007fff5e7203b0:   00007fff5e7203d0 00007fff8879d231
0x00007fff5e7203c0:   00007fff71d2fdd0 0000000000000000
0x00007fff5e7203d0:   00007fff5e7203f0 0000000000000000
0x00007fff5e7203e0:   0002b803daa6da00 00007fbcd8d1dfa4
0x00007fff5e7203f0:   0000000000000000 00007fff86345d1f
0x00007fff5e720400:   00007fbcd8db9f60 00007fff71d2fdd0
0x00007fff5e720410:   00007fff5e720490 00007fff8634e84f
0x00007fff5e720420:   00007fff5e720494 0000000000473701
0x00007fff5e720430:   00000001014faa00 0000000000000002
0x00007fff5e720440:   00000001014f7000 00007fbcdb3551b2
0x00007fff5e720450:   0000000000000003 00000001014fbe00
0x00007fff5e720460:   00007fff5e720550 00007fff887962a2
0x00007fff5e720470:   00007fbcd8c63130 00007fff5e720638
0x00007fff5e720480:   0000000000000017 0000000000000000
0x00007fff5e720490:   00000000000f4268 00007fff86346013
0x00007fff5e7204a0:   00007fff00000000 00007fbcd8f8c2a0 

Instructions: (pc=0x00000001dbbd05dd)
0x00000001dbbd05bd:   89 df 4c 89 f1 41 ff 90 68 04 00 00 48 8d 05 f8
0x00000001dbbd05cd:   24 03 00 48 8b 30 48 8d 05 e6 25 03 00 48 8b 10
0x00000001dbbd05dd:   48 8b 0b 30 c0 48 89 df ff 91 68 04 00 00 48 8b
0x00000001dbbd05ed:   03 48 89 df ff 50 78 48 85 c0 74 36 49 89 c6 48 

Register to memory mapping:

RAX=0x00000001dbc02bc0: jScreenNotifySettingsChanged+0 in /Library/Java/JavaVirtualMachines/jdk1.8.0_40.jdk/Contents/Home/jre/lib/libglass.dylib at 0x00000001dbbbb000
RBX=0x0000000000000000 is an unknown value
RCX=0x140049470e461b96 is an unknown value
RDX=0x00007fbcd8dba050 is an unknown value
RSP=0x00007fff5e7202b0 is an unknown value
RBP=0x00007fff5e7202c0 is an unknown value
RSI=0x00007fbcd8f013d8 is a global jni handle
RDI=0x0000000000000000 is an unknown value
R8 =0x00007fff5e720160 is an unknown value
R9 =0x00007fff71ff4300: _thread+0 in /usr/lib/system/libsystem_pthread.dylib at 0x00007fff87833000
R10=0x0000000000000000 is an unknown value
R11=0x0000000000000246 is an unknown value
R12=0x00007fbcd8d1df80 is an unknown value
R13=0x00000000000f4268 is an unknown value
R14=0x00007fbcd8db9f60 is an unknown value
R15=0x00007fff5e720400 is an unknown value


Stack: [0x00007fff5df24000,0x00007fff5e724000],  sp=0x00007fff5e7202b0,  free space=8176k
Native frames: (J=compiled Java code, j=interpreted, Vv=VM code, C=native code)
C  [libglass.dylib+0x155dd]  GlassScreenDidChangeScreenParameters+0x9d
C  [CoreFoundation+0x11ecdc]  __CFNOTIFICATIONCENTER_IS_CALLING_OUT_TO_AN_OBSERVER__+0xc
C  [CoreFoundation+0x10244]  _CFXNotificationPost+0xc44
C  [Foundation+0x2c31]  -[NSNotificationCenter postNotificationName:object:userInfo:]+0x42
C  [AppKit+0x36305e]  -[NSApplication _reactToScreenInvalidationImmediately:]+0x17b
C  [AppKit+0x362e9d]  __44-[NSApplication _reactToScreenInvalidation:]_block_invoke+0x4b
C  [CoreFoundation+0x8056c]  __CFRUNLOOP_IS_CALLING_OUT_TO_A_BLOCK__+0xc
C  [CoreFoundation+0x72675]  __CFRunLoopDoBlocks+0x155
C  [CoreFoundation+0x721b6]  __CFRunLoopRun+0x716
C  [CoreFoundation+0x71858]  CFRunLoopRunSpecific+0x128
C  [java+0x6490]  CreateExecutionEnvironment+0x367
C  [java+0x221c]  JLI_Launch+0x7a0
C  [java+0x84ed]  main+0x65
C  [java+0x1a74]  start+0x34


---------------  P R O C E S S  ---------------

VM state:not at safepoint (normal execution)

VM Mutex/Monitor currently owned by a thread: None

Heap:
 PSYoungGen      total 38400K, used 32282K [0x0000000167b80000, 0x000000016c680000, 0x0000000192600000)
  eden space 33280K, 83% used [0x0000000167b80000,0x000000016967be08,0x0000000169c00000)
  from space 5120K, 90% used [0x0000000169c00000,0x000000016a08aa88,0x000000016a100000)
  to   space 5120K, 0% used [0x000000016c180000,0x000000016c180000,0x000000016c680000)
 ParOldGen       total 87552K, used 8K [0x0000000112600000, 0x0000000117b80000, 0x0000000167b80000)
  object space 87552K, 0% used [0x0000000112600000,0x0000000112602000,0x0000000117b80000)
 Metaspace       used 15983K, capacity 16612K, committed 16768K, reserved 1062912K
  class space    used 2169K, capacity 2338K, committed 2432K, reserved 1048576K

Card table byte_map: [0x0000000192600000,0x0000000192a01000] byte_map_base: 0x0000000191d6d000

Marking Bits: (ParMarkBitMap*) 0x00000001026c27a0
 Begin Bits: [0x0000000192fb5000, 0x0000000194fb5000)
 End Bits:   [0x0000000194fb5000, 0x0000000196fb5000)

Polling page: 0x0000000102ea1000

CodeCache: size=245760Kb used=6290Kb max_used=6290Kb free=239469Kb
 bounds [0x0000000102eb4000, 0x00000001034e4000, 0x0000000111eb4000]
 total_blobs=2783 nmethods=2157 adapters=538
 compilation: enabled

Compilation events (10 events):
Event: 18.603 Thread 0x00007fbcda804000 2152       3       java.lang.invoke.MethodHandles$Lookup::checkMethod (83 bytes)
Event: 18.604 Thread 0x00007fbcda804000 nmethod 2152 0x00000001034d7110 code [0x00000001034d7300, 0x00000001034d7d38]
Event: 18.604 Thread 0x00007fbcda804000 2154       3       sun.invoke.util.VerifyAccess::isMemberAccessible (261 bytes)
Event: 18.605 Thread 0x00007fbcda804000 nmethod 2154 0x00000001034d8090 code [0x00000001034d8380, 0x00000001034d9918]
Event: 18.626 Thread 0x00007fbcda804000 2155       1       com.sun.prism.es2.GLContext::getBoundTexture (7 bytes)
Event: 18.626 Thread 0x00007fbcda804000 nmethod 2155 0x00000001034da190 code [0x00000001034da2e0, 0x00000001034da410]
Event: 18.626 Thread 0x00007fbcda804000 2156       3       java.lang.invoke.MethodTypeForm::canonicalizeAll (66 bytes)
Event: 18.627 Thread 0x00007fbcda804000 nmethod 2156 0x00000001034da4d0 code [0x00000001034da680, 0x00000001034dacb8]
Event: 18.631 Thread 0x00007fbcda804000 2157       3       com.sun.javafx.tk.Toolkit::isFxUserThread (15 bytes)
Event: 18.631 Thread 0x00007fbcda804000 nmethod 2157 0x00000001034daf10 code [0x00000001034db080, 0x00000001034db250]

GC Heap History (2 events):
Event: 0.986 GC heap before
{Heap before GC invocations=1 (full 0):
 PSYoungGen      total 38400K, used 33280K [0x0000000167b80000, 0x000000016a600000, 0x0000000192600000)
  eden space 33280K, 100% used [0x0000000167b80000,0x0000000169c00000,0x0000000169c00000)
  from space 5120K, 0% used [0x000000016a100000,0x000000016a100000,0x000000016a600000)
  to   space 5120K, 0% used [0x0000000169c00000,0x0000000169c00000,0x000000016a100000)
 ParOldGen       total 87552K, used 0K [0x0000000112600000, 0x0000000117b80000, 0x0000000167b80000)
  object space 87552K, 0% used [0x0000000112600000,0x0000000112600000,0x0000000117b80000)
 Metaspace       used 11592K, capacity 11928K, committed 12160K, reserved 1060864K
  class space    used 1558K, capacity 1662K, committed 1664K, reserved 1048576K
Event: 1.001 GC heap after
Heap after GC invocations=1 (full 0):
 PSYoungGen      total 38400K, used 4650K [0x0000000167b80000, 0x000000016c680000, 0x0000000192600000)
  eden space 33280K, 0% used [0x0000000167b80000,0x0000000167b80000,0x0000000169c00000)
  from space 5120K, 90% used [0x0000000169c00000,0x000000016a08aa88,0x000000016a100000)
  to   space 5120K, 0% used [0x000000016c180000,0x000000016c180000,0x000000016c680000)
 ParOldGen       total 87552K, used 8K [0x0000000112600000, 0x0000000117b80000, 0x0000000167b80000)
  object space 87552K, 0% used [0x0000000112600000,0x0000000112602000,0x0000000117b80000)
 Metaspace       used 11592K, capacity 11928K, committed 12160K, reserved 1060864K
  class space    used 1558K, capacity 1662K, committed 1664K, reserved 1048576K
}

Deoptimization events (10 events):
Event: 1.119 Thread 0x00007fbcd90c2000 Uncommon trap: reason=class_check action=maybe_recompile pc=0x00000001031e7d04 method=java.io.DataInputStream.readShort()S @ 4
Event: 1.119 Thread 0x00007fbcd90c2000 Uncommon trap: reason=class_check action=maybe_recompile pc=0x00000001031e7d04 method=java.io.DataInputStream.readShort()S @ 4
Event: 1.120 Thread 0x00007fbcd90c2000 Uncommon trap: reason=class_check action=maybe_recompile pc=0x00000001031e7d04 method=java.io.DataInputStream.readShort()S @ 4
Event: 1.120 Thread 0x00007fbcd90c2000 Uncommon trap: reason=class_check action=maybe_recompile pc=0x00000001031e7d04 method=java.io.DataInputStream.readShort()S @ 4
Event: 1.127 Thread 0x00007fbcd90c2000 Uncommon trap: reason=class_check action=maybe_recompile pc=0x00000001030349cc method=java.lang.String.equals(Ljava/lang/Object;)Z @ 8
Event: 1.127 Thread 0x00007fbcd90c2000 Uncommon trap: reason=class_check action=maybe_recompile pc=0x00000001030349cc method=java.lang.String.equals(Ljava/lang/Object;)Z @ 8
Event: 1.127 Thread 0x00007fbcd90c2000 Uncommon trap: reason=class_check action=maybe_recompile pc=0x00000001030349cc method=java.lang.String.equals(Ljava/lang/Object;)Z @ 8
Event: 1.130 Thread 0x00007fbcd90c2000 Uncommon trap: reason=class_check action=maybe_recompile pc=0x00000001030349cc method=java.lang.String.equals(Ljava/lang/Object;)Z @ 8
Event: 1.298 Thread 0x00007fbcd90c2000 Uncommon trap: reason=unstable_if action=reinterpret pc=0x0000000103061a20 method=java.lang.CharacterData.of(I)Ljava/lang/CharacterData; @ 4
Event: 2.982 Thread 0x00007fbcd90c2000 Uncommon trap: reason=unstable_if action=reinterpret pc=0x00000001032a9e24 method=jdk.internal.org.objectweb.asm.Type.getArgumentsAndReturnSizes(Ljava/lang/String;)I @ 47

Internal exceptions (10 events):
Event: 0.101 Thread 0x00007fbcd980c000 Exception <a 'java/security/PrivilegedActionException'> (0x0000000167dcc238) thrown at [/Users/java_re/workspace/8-2-build-macosx-x86_64/jdk8u40/3153/hotspot/src/share/vm/prims/jvm.cpp, line 1382]
Event: 0.148 Thread 0x00007fbcd980c000 Exception <a 'java/security/PrivilegedActionException'> (0x0000000167f18ef8) thrown at [/Users/java_re/workspace/8-2-build-macosx-x86_64/jdk8u40/3153/hotspot/src/share/vm/prims/jvm.cpp, line 1382]
Event: 0.148 Thread 0x00007fbcd980c000 Exception <a 'java/security/PrivilegedActionException'> (0x0000000167f19240) thrown at [/Users/java_re/workspace/8-2-build-macosx-x86_64/jdk8u40/3153/hotspot/src/share/vm/prims/jvm.cpp, line 1382]
Event: 0.149 Thread 0x00007fbcd980c000 Exception <a 'java/security/PrivilegedActionException'> (0x0000000167f1c750) thrown at [/Users/java_re/workspace/8-2-build-macosx-x86_64/jdk8u40/3153/hotspot/src/share/vm/prims/jvm.cpp, line 1382]
Event: 0.149 Thread 0x00007fbcd980c000 Exception <a 'java/security/PrivilegedActionException'> (0x0000000167f1ca98) thrown at [/Users/java_re/workspace/8-2-build-macosx-x86_64/jdk8u40/3153/hotspot/src/share/vm/prims/jvm.cpp, line 1382]
Event: 0.457 Thread 0x00007fbcd980c000 Exception <a 'java/lang/NoSuchFieldError': method resolution failed> (0x0000000168d6dee0) thrown at [/Users/java_re/workspace/8-2-build-macosx-x86_64/jdk8u40/3153/hotspot/src/share/vm/prims/methodHandles.cpp, line 1125]
Event: 0.459 Thread 0x00007fbcd980c000 Exception <a 'java/lang/NoSuchFieldError': method resolution failed> (0x0000000168d7c840) thrown at [/Users/java_re/workspace/8-2-build-macosx-x86_64/jdk8u40/3153/hotspot/src/share/vm/prims/methodHandles.cpp, line 1125]
Event: 0.731 Thread 0x00007fbcd980c000 Exception <a 'java/lang/NullPointerException'> (0x00000001694f2948) thrown at [/Users/java_re/workspace/8-2-build-macosx-x86_64/jdk8u40/3153/hotspot/src/share/vm/interpreter/linkResolver.cpp, line 1178]
Event: 0.731 Thread 0x00007fbcd980c000 Exception <a 'java/lang/NullPointerException'> (0x00000001694f2948) thrown at [/Users/java_re/workspace/8-2-build-macosx-x86_64/jdk8u40/3153/hotspot/src/share/vm/prims/jvm.cpp, line 1386]
Event: 0.798 Thread 0x00007fbcd980c000 Exception <a 'java/lang/NullPointerException'> (0x000000016978e320) thrown at [/Users/java_re/workspace/8-2-build-macosx-x86_64/jdk8u40/3153/hotspot/src/share/vm/interpreter/linkResolver.cpp, line 1178]

Events (10 events):
Event: 18.626 loading class com/sun/javafx/tk/quantum/ViewScene
Event: 18.626 loading class com/sun/javafx/tk/quantum/ViewScene done
Event: 18.626 loading class com/sun/javafx/tk/quantum/WindowStage
Event: 18.626 loading class com/sun/javafx/tk/quantum/WindowStage done
Event: 18.632 loading class com/sun/javafx/tk/quantum/QuantumRenderer
Event: 18.632 loading class com/sun/javafx/tk/quantum/QuantumRenderer done
Event: 18.633 loading class com/sun/javafx/tk/quantum/QuantumToolkit
Event: 18.633 loading class com/sun/javafx/tk/quantum/QuantumToolkit done
Event: 18.633 Thread 0x00007fbcd9a01000 Thread exited: 0x00007fbcd9a01000
Event: 18.633 Thread 0x00007fbcd90c2000 Thread exited: 0x00007fbcd90c2000


Dynamic libraries:
0x0000000000e94000 	/System/Library/Frameworks/Cocoa.framework/Versions/A/Cocoa
0x0000000000e94000 	/System/Library/Frameworks/Security.framework/Versions/A/Security
0x0000000000e94000 	/System/Library/Frameworks/ApplicationServices.framework/Versions/A/ApplicationServices
0x0000000000e94000 	/usr/lib/libz.1.dylib
0x0000000000e94000 	/usr/lib/libSystem.B.dylib
0x0000000000e94000 	/usr/lib/libobjc.A.dylib
0x0000000000e94000 	/System/Library/Frameworks/CoreFoundation.framework/Versions/A/CoreFoundation
0x0000000000e94000 	/System/Library/Frameworks/Foundation.framework/Versions/C/Foundation
0x0000000000e94000 	/System/Library/Frameworks/AppKit.framework/Versions/C/AppKit
0x0000000000e94000 	/System/Library/Frameworks/CoreData.framework/Versions/A/CoreData
0x0000000000e94000 	/System/Library/PrivateFrameworks/RemoteViewServices.framework/Versions/A/RemoteViewServices
0x0000000000e94000 	/System/Library/PrivateFrameworks/UIFoundation.framework/Versions/A/UIFoundation
0x0000000000e94000 	/System/Library/Frameworks/IOSurface.framework/Versions/A/IOSurface
0x0000000000e94000 	/System/Library/Frameworks/AudioToolbox.framework/Versions/A/AudioToolbox
0x0000000000e94000 	/System/Library/Frameworks/AudioUnit.framework/Versions/A/AudioUnit
0x0000000000e94000 	/System/Library/PrivateFrameworks/DataDetectorsCore.framework/Versions/A/DataDetectorsCore
0x0000000000e94000 	/System/Library/PrivateFrameworks/DesktopServicesPriv.framework/Versions/A/DesktopServicesPriv
0x0000000000e94000 	/System/Library/Frameworks/Carbon.framework/Versions/A/Frameworks/HIToolbox.framework/Versions/A/HIToolbox
0x0000000000e94000 	/System/Library/Frameworks/QuartzCore.framework/Versions/A/QuartzCore
0x0000000000e94000 	/System/Library/Frameworks/Carbon.framework/Versions/A/Frameworks/SpeechRecognition.framework/Versions/A/SpeechRecognition
0x0000000000e94000 	/usr/lib/libauto.dylib
0x0000000000e94000 	/usr/lib/libicucore.A.dylib
0x0000000000e94000 	/usr/lib/libxml2.2.dylib
0x0000000000e94000 	/System/Library/PrivateFrameworks/CoreUI.framework/Versions/A/CoreUI
0x0000000000e94000 	/System/Library/Frameworks/CoreAudio.framework/Versions/A/CoreAudio
0x0000000000e94000 	/System/Library/Frameworks/DiskArbitration.framework/Versions/A/DiskArbitration
0x0000000000e94000 	/usr/lib/liblangid.dylib
0x0000000000e94000 	/System/Library/PrivateFrameworks/MultitouchSupport.framework/Versions/A/MultitouchSupport
0x0000000000e94000 	/System/Library/Frameworks/IOKit.framework/Versions/A/IOKit
0x0000000000e94000 	/usr/lib/libDiagnosticMessagesClient.dylib
0x0000000000e94000 	/System/Library/Frameworks/CoreServices.framework/Versions/A/CoreServices
0x0000000000e94000 	/System/Library/PrivateFrameworks/PerformanceAnalysis.framework/Versions/A/PerformanceAnalysis
0x0000000000e94000 	/System/Library/PrivateFrameworks/GenerationalStorage.framework/Versions/A/GenerationalStorage
0x0000000000e94000 	/System/Library/Frameworks/OpenGL.framework/Versions/A/OpenGL
0x0000000000e94000 	/System/Library/PrivateFrameworks/Sharing.framework/Versions/A/Sharing
0x0000000000e94000 	/System/Library/Frameworks/CoreGraphics.framework/Versions/A/CoreGraphics
0x0000000000e94000 	/System/Library/Frameworks/CoreText.framework/Versions/A/CoreText
0x0000000000e94000 	/System/Library/Frameworks/ImageIO.framework/Versions/A/ImageIO
0x0000000000e94000 	/usr/lib/libextension.dylib
0x0000000000e94000 	/System/Library/PrivateFrameworks/Backup.framework/Versions/A/Backup
0x0000000000e94000 	/usr/lib/libarchive.2.dylib
0x0000000000e94000 	/System/Library/Frameworks/CFNetwork.framework/Versions/A/CFNetwork
0x0000000000e94000 	/System/Library/Frameworks/SystemConfiguration.framework/Versions/A/SystemConfiguration
0x0000000000e94000 	/usr/lib/libCRFSuite.dylib
0x0000000000e94000 	/usr/lib/libc++.1.dylib
0x0000000000e94000 	/usr/lib/libc++abi.dylib
0x0000000000e94000 	/usr/lib/system/libcache.dylib
0x0000000000e94000 	/usr/lib/system/libcommonCrypto.dylib
0x0000000000e94000 	/usr/lib/system/libcompiler_rt.dylib
0x0000000000e94000 	/usr/lib/system/libcopyfile.dylib
0x0000000000e94000 	/usr/lib/system/libcorecrypto.dylib
0x0000000000e94000 	/usr/lib/system/libdispatch.dylib
0x0000000000e94000 	/usr/lib/system/libdyld.dylib
0x0000000000e94000 	/usr/lib/system/libkeymgr.dylib
0x0000000000e94000 	/usr/lib/system/liblaunch.dylib
0x0000000000e94000 	/usr/lib/system/libmacho.dylib
0x0000000000e94000 	/usr/lib/system/libquarantine.dylib
0x0000000000e94000 	/usr/lib/system/libremovefile.dylib
0x0000000000e94000 	/usr/lib/system/libsystem_asl.dylib
0x0000000000e94000 	/usr/lib/system/libsystem_blocks.dylib
0x0000000000e94000 	/usr/lib/system/libsystem_c.dylib
0x0000000000e94000 	/usr/lib/system/libsystem_configuration.dylib
0x0000000000e94000 	/usr/lib/system/libsystem_coreservices.dylib
0x0000000000e94000 	/usr/lib/system/libsystem_coretls.dylib
0x0000000000e94000 	/usr/lib/system/libsystem_dnssd.dylib
0x0000000000e94000 	/usr/lib/system/libsystem_info.dylib
0x0000000000e94000 	/usr/lib/system/libsystem_kernel.dylib
0x0000000000e94000 	/usr/lib/system/libsystem_m.dylib
0x0000000000e94000 	/usr/lib/system/libsystem_malloc.dylib
0x0000000000e94000 	/usr/lib/system/libsystem_network.dylib
0x0000000000e94000 	/usr/lib/system/libsystem_networkextension.dylib
0x0000000000e94000 	/usr/lib/system/libsystem_notify.dylib
0x0000000000e94000 	/usr/lib/system/libsystem_platform.dylib
0x0000000000e94000 	/usr/lib/system/libsystem_pthread.dylib
0x0000000000e94000 	/usr/lib/system/libsystem_sandbox.dylib
0x0000000000e94000 	/usr/lib/system/libsystem_secinit.dylib
0x0000000000e94000 	/usr/lib/system/libsystem_stats.dylib
0x0000000000e94000 	/usr/lib/system/libsystem_trace.dylib
0x0000000000e94000 	/usr/lib/system/libunc.dylib
0x0000000000e94000 	/usr/lib/system/libunwind.dylib
0x0000000000e94000 	/usr/lib/system/libxpc.dylib
0x0000000000e94000 	/usr/lib/libbz2.1.0.dylib
0x0000000000e94000 	/usr/lib/liblzma.5.dylib
0x0000000000e94000 	/usr/lib/libbsm.0.dylib
0x0000000000e94000 	/usr/lib/libsqlite3.dylib
0x0000000000e94000 	/usr/lib/system/libkxld.dylib
0x0000000000e94000 	/usr/lib/libxar.1.dylib
0x0000000000e94000 	/usr/lib/libpam.2.dylib
0x0000000000e94000 	/usr/lib/libOpenScriptingUtil.dylib
0x0000000000e94000 	/System/Library/Frameworks/CoreServices.framework/Versions/A/Frameworks/FSEvents.framework/Versions/A/FSEvents
0x0000000000e94000 	/System/Library/Frameworks/CoreServices.framework/Versions/A/Frameworks/CarbonCore.framework/Versions/A/CarbonCore
0x0000000000e94000 	/System/Library/Frameworks/CoreServices.framework/Versions/A/Frameworks/Metadata.framework/Versions/A/Metadata
0x0000000000e94000 	/System/Library/Frameworks/CoreServices.framework/Versions/A/Frameworks/OSServices.framework/Versions/A/OSServices
0x0000000000e94000 	/System/Library/Frameworks/CoreServices.framework/Versions/A/Frameworks/SearchKit.framework/Versions/A/SearchKit
0x0000000000e94000 	/System/Library/Frameworks/CoreServices.framework/Versions/A/Frameworks/AE.framework/Versions/A/AE
0x0000000000e94000 	/System/Library/Frameworks/CoreServices.framework/Versions/A/Frameworks/LaunchServices.framework/Versions/A/LaunchServices
0x0000000000e94000 	/System/Library/Frameworks/CoreServices.framework/Versions/A/Frameworks/DictionaryServices.framework/Versions/A/DictionaryServices
0x0000000000e94000 	/System/Library/Frameworks/NetFS.framework/Versions/A/NetFS
0x0000000000e94000 	/System/Library/PrivateFrameworks/NetAuth.framework/Versions/A/NetAuth
0x0000000000e94000 	/System/Library/PrivateFrameworks/login.framework/Versions/A/Frameworks/loginsupport.framework/Versions/A/loginsupport
0x0000000000e94000 	/System/Library/PrivateFrameworks/TCC.framework/Versions/A/TCC
0x0000000000e94000 	/usr/lib/libmecabra.dylib
0x0000000000e94000 	/System/Library/Frameworks/ApplicationServices.framework/Versions/A/Frameworks/ATS.framework/Versions/A/ATS
0x0000000000e94000 	/System/Library/Frameworks/ApplicationServices.framework/Versions/A/Frameworks/ColorSync.framework/Versions/A/ColorSync
0x0000000000e94000 	/System/Library/Frameworks/ApplicationServices.framework/Versions/A/Frameworks/HIServices.framework/Versions/A/HIServices
0x0000000000e94000 	/System/Library/Frameworks/ApplicationServices.framework/Versions/A/Frameworks/LangAnalysis.framework/Versions/A/LangAnalysis
0x0000000000e94000 	/System/Library/Frameworks/ApplicationServices.framework/Versions/A/Frameworks/PrintCore.framework/Versions/A/PrintCore
0x0000000000e94000 	/System/Library/Frameworks/ApplicationServices.framework/Versions/A/Frameworks/QD.framework/Versions/A/QD
0x0000000000e94000 	/System/Library/Frameworks/ApplicationServices.framework/Versions/A/Frameworks/SpeechSynthesis.framework/Versions/A/SpeechSynthesis
0x0000000000e94000 	/System/Library/Frameworks/Accelerate.framework/Versions/A/Accelerate
0x0000000000e94000 	/System/Library/Frameworks/Accelerate.framework/Versions/A/Frameworks/vImage.framework/Versions/A/vImage
0x0000000000e94000 	/System/Library/Frameworks/Accelerate.framework/Versions/A/Frameworks/vecLib.framework/Versions/A/vecLib
0x0000000000e94000 	/System/Library/Frameworks/Accelerate.framework/Versions/A/Frameworks/vecLib.framework/Versions/A/libvDSP.dylib
0x0000000000e94000 	/System/Library/Frameworks/Accelerate.framework/Versions/A/Frameworks/vecLib.framework/Versions/A/libvMisc.dylib
0x0000000000e94000 	/System/Library/Frameworks/Accelerate.framework/Versions/A/Frameworks/vecLib.framework/Versions/A/libLAPACK.dylib
0x0000000000e94000 	/System/Library/Frameworks/Accelerate.framework/Versions/A/Frameworks/vecLib.framework/Versions/A/libBLAS.dylib
0x0000000000e94000 	/System/Library/Frameworks/Accelerate.framework/Versions/A/Frameworks/vecLib.framework/Versions/A/libLinearAlgebra.dylib
0x0000000000e94000 	/System/Library/Frameworks/ApplicationServices.framework/Versions/A/Frameworks/ATS.framework/Versions/A/Resources/libFontParser.dylib
0x0000000000e94000 	/System/Library/Frameworks/ApplicationServices.framework/Versions/A/Frameworks/ATS.framework/Versions/A/Resources/libFontRegistry.dylib
0x0000000000e94000 	/System/Library/PrivateFrameworks/AppleVPA.framework/Versions/A/AppleVPA
0x0000000000e94000 	/System/Library/PrivateFrameworks/AppleJPEG.framework/Versions/A/AppleJPEG
0x0000000000e94000 	/System/Library/Frameworks/ImageIO.framework/Versions/A/Resources/libJPEG.dylib
0x0000000000e94000 	/System/Library/Frameworks/ImageIO.framework/Versions/A/Resources/libTIFF.dylib
0x0000000000e94000 	/System/Library/Frameworks/ImageIO.framework/Versions/A/Resources/libPng.dylib
0x0000000000e94000 	/System/Library/Frameworks/ImageIO.framework/Versions/A/Resources/libGIF.dylib
0x0000000000e94000 	/System/Library/Frameworks/ImageIO.framework/Versions/A/Resources/libJP2.dylib
0x0000000000e94000 	/System/Library/Frameworks/ImageIO.framework/Versions/A/Resources/libRadiance.dylib
0x0000000000e94000 	/System/Library/Frameworks/CoreVideo.framework/Versions/A/CoreVideo
0x0000000000e94000 	/System/Library/Frameworks/OpenGL.framework/Versions/A/Libraries/libGLU.dylib
0x0000000000e94000 	/System/Library/Frameworks/OpenGL.framework/Versions/A/Libraries/libGFXShared.dylib
0x0000000000e94000 	/System/Library/Frameworks/OpenGL.framework/Versions/A/Libraries/libGL.dylib
0x0000000000e94000 	/System/Library/Frameworks/OpenGL.framework/Versions/A/Libraries/libGLImage.dylib
0x0000000000e94000 	/System/Library/Frameworks/OpenGL.framework/Versions/A/Libraries/libCVMSPluginSupport.dylib
0x0000000000e94000 	/System/Library/Frameworks/OpenGL.framework/Versions/A/Libraries/libCoreVMClient.dylib
0x0000000000e94000 	/usr/lib/libcups.2.dylib
0x0000000000e94000 	/System/Library/Frameworks/Kerberos.framework/Versions/A/Kerberos
0x0000000000e94000 	/System/Library/Frameworks/GSS.framework/Versions/A/GSS
0x0000000000e94000 	/usr/lib/libresolv.9.dylib
0x0000000000e94000 	/usr/lib/libiconv.2.dylib
0x0000000000e94000 	/System/Library/PrivateFrameworks/Heimdal.framework/Versions/A/Heimdal
0x0000000000e94000 	/usr/lib/libheimdal-asn1.dylib
0x0000000000e94000 	/System/Library/Frameworks/OpenDirectory.framework/Versions/A/OpenDirectory
0x0000000000e94000 	/System/Library/PrivateFrameworks/CommonAuth.framework/Versions/A/CommonAuth
0x0000000000e94000 	/System/Library/Frameworks/OpenDirectory.framework/Versions/A/Frameworks/CFOpenDirectory.framework/Versions/A/CFOpenDirectory
0x0000000000e94000 	/System/Library/Frameworks/SecurityFoundation.framework/Versions/A/SecurityFoundation
0x0000000000e94000 	/System/Library/PrivateFrameworks/LanguageModeling.framework/Versions/A/LanguageModeling
0x0000000000e94000 	/usr/lib/libcmph.dylib
0x0000000000e94000 	/System/Library/Frameworks/ServiceManagement.framework/Versions/A/ServiceManagement
0x0000000000e94000 	/usr/lib/libxslt.1.dylib
0x0000000000e94000 	/System/Library/Frameworks/Carbon.framework/Versions/A/Frameworks/Ink.framework/Versions/A/Ink
0x0000000000e94000 	/System/Library/Frameworks/QuartzCore.framework/Versions/A/Frameworks/CoreImage.framework/Versions/A/CoreImage
0x0000000000e94000 	/System/Library/PrivateFrameworks/CrashReporterSupport.framework/Versions/A/CrashReporterSupport
0x0000000000e94000 	/System/Library/Frameworks/OpenCL.framework/Versions/A/OpenCL
0x0000000000e94000 	/System/Library/PrivateFrameworks/FaceCore.framework/Versions/A/FaceCore
0x0000000000e94000 	/System/Library/PrivateFrameworks/Ubiquity.framework/Versions/A/Ubiquity
0x0000000000e94000 	/System/Library/PrivateFrameworks/IconServices.framework/Versions/A/IconServices
0x0000000000e94000 	/System/Library/PrivateFrameworks/ChunkingLibrary.framework/Versions/A/ChunkingLibrary
0x0000000000e94000 	/System/Library/PrivateFrameworks/Apple80211.framework/Versions/A/Apple80211
0x0000000000e94000 	/System/Library/Frameworks/CoreWLAN.framework/Versions/A/CoreWLAN
0x0000000000e94000 	/System/Library/Frameworks/IOBluetooth.framework/Versions/A/IOBluetooth
0x0000000000e94000 	/System/Library/PrivateFrameworks/CoreWiFi.framework/Versions/A/CoreWiFi
0x0000000000e94000 	/System/Library/Frameworks/CoreBluetooth.framework/Versions/A/CoreBluetooth
0x0000000000e94000 	/System/Library/PrivateFrameworks/DebugSymbols.framework/Versions/A/DebugSymbols
0x0000000000e94000 	/System/Library/PrivateFrameworks/CoreSymbolication.framework/Versions/A/CoreSymbolication
0x0000000000e94000 	/System/Library/PrivateFrameworks/Symbolication.framework/Versions/A/Symbolication
0x0000000000e94000 	/System/Library/PrivateFrameworks/SpeechRecognitionCore.framework/Versions/A/SpeechRecognitionCore
0x0000000101e00000 	/Library/Java/JavaVirtualMachines/jdk1.8.0_40.jdk/Contents/Home/jre/lib/server/libjvm.dylib
0x0000000000e94000 	/usr/lib/libstdc++.6.dylib
0x00000001015f2000 	/Library/Java/JavaVirtualMachines/jdk1.8.0_40.jdk/Contents/Home/jre/lib/libverify.dylib
0x0000000102e6c000 	/Library/Java/JavaVirtualMachines/jdk1.8.0_40.jdk/Contents/Home/jre/lib/libjava.dylib
0x0000000102eab000 	/Library/Java/JavaVirtualMachines/jdk1.8.0_40.jdk/Contents/Home/jre/lib/libzip.dylib
0x00000001123e8000 	/System/Library/Frameworks/JavaVM.framework/Frameworks/JavaRuntimeSupport.framework/JavaRuntimeSupport
0x00000001d9144000 	/System/Library/Frameworks/JavaVM.framework/Versions/A/Frameworks/JavaNativeFoundation.framework/Versions/A/JavaNativeFoundation
0x00000001d9159000 	/System/Library/Frameworks/JavaVM.framework/Versions/A/JavaVM
0x0000000000e94000 	/System/Library/Frameworks/Carbon.framework/Versions/A/Carbon
0x00000001d9166000 	/System/Library/PrivateFrameworks/JavaLaunching.framework/Versions/A/JavaLaunching
0x0000000000e94000 	/System/Library/Frameworks/Carbon.framework/Versions/A/Frameworks/CommonPanels.framework/Versions/A/CommonPanels
0x0000000000e94000 	/System/Library/Frameworks/Carbon.framework/Versions/A/Frameworks/Help.framework/Versions/A/Help
0x0000000000e94000 	/System/Library/Frameworks/Carbon.framework/Versions/A/Frameworks/ImageCapture.framework/Versions/A/ImageCapture
0x0000000000e94000 	/System/Library/Frameworks/Carbon.framework/Versions/A/Frameworks/OpenScripting.framework/Versions/A/OpenScripting
0x0000000000e94000 	/System/Library/Frameworks/Carbon.framework/Versions/A/Frameworks/Print.framework/Versions/A/Print
0x0000000000e94000 	/System/Library/Frameworks/Carbon.framework/Versions/A/Frameworks/SecurityHI.framework/Versions/A/SecurityHI
0x00000001db04b000 	/Library/Java/JavaVirtualMachines/jdk1.8.0_40.jdk/Contents/Home/jre/lib/libnet.dylib
0x00000001db70d000 	/Library/Java/JavaVirtualMachines/jdk1.8.0_40.jdk/Contents/Home/jre/lib/libprism_es2.dylib
0x0000000000e94000 	/System/Library/Frameworks/OpenGL.framework/Versions/A/Resources/GLEngine.bundle/GLEngine
0x0000000000e94000 	/System/Library/Frameworks/OpenGL.framework/Versions/A/Libraries/libGLProgrammability.dylib
0x0000000000000000 	/System/Library/Extensions/AppleIntelHD5000GraphicsGLDriver.bundle/Contents/MacOS/AppleIntelHD5000GraphicsGLDriver
0x0000000000e94000 	/System/Library/PrivateFrameworks/IOAccelerator.framework/Versions/A/IOAccelerator
0x0000000000e94000 	/System/Library/PrivateFrameworks/GPUSupport.framework/Versions/A/Libraries/libGPUSupportMercury.dylib
0x0000000000e94000 	/System/Library/Frameworks/OpenGL.framework/Versions/A/Resources/GLRendererFloat.bundle/GLRendererFloat
0x0000000000e94000 	/System/Library/Frameworks/OpenCL.framework/Versions/A/Libraries/libcldcpuengine.dylib
0x0000000000e94000 	/System/Library/PrivateFrameworks/DiskImages.framework/Versions/A/DiskImages
0x0000000000e94000 	/System/Library/Frameworks/DiscRecording.framework/Versions/A/DiscRecording
0x0000000000e94000 	/usr/lib/libcsfde.dylib
0x0000000000e94000 	/usr/lib/libcurl.4.dylib
0x0000000000e94000 	/System/Library/PrivateFrameworks/MediaKit.framework/Versions/A/MediaKit
0x0000000000e94000 	/System/Library/PrivateFrameworks/ProtectedCloudStorage.framework/Versions/A/ProtectedCloudStorage
0x0000000000e94000 	/usr/lib/libCoreStorage.dylib
0x0000000000e94000 	/System/Library/PrivateFrameworks/EFILogin.framework/Versions/A/EFILogin
0x0000000000e94000 	/usr/lib/libutil.dylib
0x0000000000e94000 	/System/Library/PrivateFrameworks/FindMyDevice.framework/Versions/A/FindMyDevice
0x0000000000e94000 	/System/Library/Frameworks/LDAP.framework/Versions/A/LDAP
0x0000000000e94000 	/usr/lib/libsasl2.2.dylib
0x0000000000e94000 	/System/Library/PrivateFrameworks/CoreDaemon.framework/Versions/B/CoreDaemon
0x0000000000e94000 	/usr/lib/libcrypto.0.9.8.dylib
0x0000000000e94000 	/System/Library/PrivateFrameworks/AppleSRP.framework/Versions/A/AppleSRP
0x0000000000e94000 	/System/Library/PrivateFrameworks/TrustEvaluationAgent.framework/Versions/A/TrustEvaluationAgent
0x00000001dbbbb000 	/Library/Java/JavaVirtualMachines/jdk1.8.0_40.jdk/Contents/Home/jre/lib/libglass.dylib
0x0000000000e94000 	/System/Library/PrivateFrameworks/CoreServicesInternal.framework/Versions/A/CoreServicesInternal
0x0000000000e94000 	/System/Library/PrivateFrameworks/CloudDocs.framework/Versions/A/CloudDocs
0x0000000000e94000 	/System/Library/PrivateFrameworks/CoreDuet.framework/Versions/A/CoreDuet
0x0000000000e94000 	/System/Library/Frameworks/CloudKit.framework/Versions/A/CloudKit
0x0000000000e94000 	/System/Library/PrivateFrameworks/ProtocolBuffer.framework/Versions/A/ProtocolBuffer
0x0000000000e94000 	/System/Library/PrivateFrameworks/CoreDuetDaemonProtocol.framework/Versions/A/CoreDuetDaemonProtocol
0x0000000000e94000 	/System/Library/PrivateFrameworks/CoreDuetDebugLogging.framework/Versions/A/CoreDuetDebugLogging
0x0000000000e94000 	/System/Library/Frameworks/CoreLocation.framework/Versions/A/CoreLocation
0x0000000000e94000 	/System/Library/Frameworks/Accounts.framework/Versions/A/Accounts
0x0000000000e94000 	/System/Library/PrivateFrameworks/ApplePushService.framework/Versions/A/ApplePushService
0x0000000000e94000 	/System/Library/PrivateFrameworks/GeoServices.framework/Versions/A/GeoServices
0x0000000000e94000 	/System/Library/PrivateFrameworks/OAuth.framework/Versions/A/OAuth
0x0000000000e94000 	/System/Library/Frameworks/CoreGraphics.framework/Versions/A/Resources/libCGCMS.A.dylib
0x0000000000e94000 	/System/Library/CoreServices/RawCamera.bundle/Contents/MacOS/RawCamera
0x0000000000e94000 	/System/Library/Frameworks/CoreGraphics.framework/Versions/A/Resources/libRIP.A.dylib
0x0000000000e94000 	/System/Library/PrivateFrameworks/FamilyControls.framework/Versions/A/FamilyControls
0x0000000000e94000 	/System/Library/PrivateFrameworks/CommerceKit.framework/Versions/A/Frameworks/CommerceCore.framework/Versions/A/CommerceCore
0x0000000000e94000 	/System/Library/PrivateFrameworks/SystemAdministration.framework/Versions/A/SystemAdministration
0x0000000000e94000 	/System/Library/PrivateFrameworks/AppContainer.framework/Versions/A/AppContainer
0x0000000000e94000 	/System/Library/PrivateFrameworks/SecCodeWrapper.framework/Versions/A/SecCodeWrapper
0x0000000000e94000 	/System/Library/Frameworks/DirectoryService.framework/Versions/A/DirectoryService
0x0000000000e94000 	/System/Library/PrivateFrameworks/LoginUIKit.framework/Versions/A/Frameworks/LoginUICore.framework/Versions/A/LoginUICore
0x0000000000e94000 	/usr/lib/libodfde.dylib
0x0000000000e94000 	/System/Library/Frameworks/CoreGraphics.framework/Versions/A/Resources/libCGXType.A.dylib
0x00000001dc248000 	cl_kernels
0x00000001e0a05000 	/System/Library/Frameworks/OpenCL.framework/Versions/A/Libraries/ImageFormats/unorm8_bgra.dylib
0x00000001dd1bc000 	cl_kernels
0x00000001db3f3000 	/Library/Java/JavaVirtualMachines/jdk1.8.0_40.jdk/Contents/Home/jre/lib/libjavafx_font.dylib
0x00000001e1b81000 	/Library/Java/JavaVirtualMachines/jdk1.8.0_40.jdk/Contents/Home/jre/lib/libprism_common.dylib

VM Arguments:
jvm_args: -Dfile.encoding=UTF-8 
java_command: org.eclipse.jdt.internal.junit.runner.RemoteTestRunner -version 3 -port 56282 -testLoaderClass org.eclipse.jdt.internal.junit4.runner.JUnit4TestLoader -loaderpluginname org.eclipse.jdt.junit4.runtime -test uk.dangrew.jtt.configuration.content.StatisticsExclusionsPanelTest:manual
java_class_path (initial): /Users/Amelia/GitHub/JenkinsTestTracker/JenkinsTestTracker/bin:/Users/Amelia/.gradle/caches/modules-2/files-2.1/org.controlsfx/controlsfx/8.40.11/61694ec2668cc69116e970c7513aa3501179bc00/controlsfx-8.40.11.jar:/Users/Amelia/.gradle/caches/modules-2/files-2.1/dom4j/dom4j/1.6.1/5d3ccc056b6f056dbf0dddfdf43894b9065a8f94/dom4j-1.6.1.jar:/Users/Amelia/.gradle/caches/modules-2/files-2.1/org.apache.httpcomponents/httpclient/4.1.2/9003011c1b6d28a7331f04251a25e7ccf63c98f8/httpclient-4.1.2.jar:/Users/Amelia/.gradle/caches/modules-2/files-2.1/org.json/json/20151123/1675d5c1142000dedd6627a73af26a8b885ef0e1/json-20151123.jar:/Users/Amelia/.gradle/caches/modules-2/files-2.1/SystemDigest/SystemDigest/1.2.52/2b86a51af1dcf37b33e73b7b851f70c808847504/SystemDigest-1.2.52.jar:/Users/Amelia/.gradle/caches/modules-2/files-2.1/SystemDigest/SystemDigest/1.2.52/f67eb92de083d2a99587b59abf8546e512f76cae/SystemDigest-1.2.52-tests.jar:/Users/Amelia/.gradle/caches/modules-2/files-2.1/jupa/JsonUpgradingPersistenceArchitecture/1.1.55/6fa20d88fbb81d531c3835e1a64fae3c7e7eeb35/JsonUpgradingPersistenceArchitecture-1.1.55.jar:/Users/Amelia/.gradle/caches/modules-2/files-2.1/junit/junit/4.12/2973d150c0dc1fefe998f834810d68f278ea58ec/junit-4.12.jar:/Users/Amelia/.gradle/caches/modules-2/files-2.1/pl.pragmatists/JUnitParams/1.0.5/11c4fb84973ba635673e5e026abf27078aab8bd9/JUnitParams-1.0.5.jar:/Users/Amelia/.gradle/caches/modules-2/files-2.1/org.hamcrest/hamcrest-all/1.3/63a21ebc981131004ad02e0434e799fd7f3a8d5a/hamcrest-all-1.3.jar:/Users/Amelia/.gradle/caches/modules-2/files-2.1/org.mockito/mockito-all/1.9.5/79a8984096fc6591c1e3690e07d41be506356fa5/mockito-all-1.9.5.jar:/Users/Amelia/.gradle/caches/modules-2/files-2.1/xml-apis/xml-apis/1.0.b2/3136ca936f64c9d68529f048c2618bd356bf85c9/xml-apis-1.0.b2.jar:/Users/Amelia/.gradle/caches/modules-2/files-2.1/org.apache.httpcomponents/httpcore/4.1.2/39e30fb2ddfcf32b9dd663039ca6e847b698aa6f/httpcore-4.1.2.jar:/Users/Amelia/.gradle/caches/m
Launcher Type: SUN_STANDARD

Environment Variables:
PATH=/usr/bin:/bin:/usr/sbin:/sbin
SHELL=/bin/bash
DISPLAY=/private/tmp/com.apple.launchd.ToVrYNoRi1/org.macosforge.xquartz:0

Signal Handlers:
SIGSEGV: [libjvm.dylib+0x58ef95], sa_mask[0]=11111111011111110111111111111111, sa_flags=SA_ONSTACK|SA_RESTART|SA_SIGINFO
SIGBUS: [libjvm.dylib+0x58ef95], sa_mask[0]=11111111011111110111111111111111, sa_flags=SA_RESTART|SA_SIGINFO
SIGFPE: [libjvm.dylib+0x46c118], sa_mask[0]=11111111011111110111111111111111, sa_flags=SA_RESTART|SA_SIGINFO
SIGPIPE: [libjvm.dylib+0x46c118], sa_mask[0]=11111111011111110111111111111111, sa_flags=SA_RESTART|SA_SIGINFO
SIGXFSZ: [libjvm.dylib+0x46c118], sa_mask[0]=11111111011111110111111111111111, sa_flags=SA_RESTART|SA_SIGINFO
SIGILL: [libjvm.dylib+0x46c118], sa_mask[0]=11111111011111110111111111111111, sa_flags=SA_RESTART|SA_SIGINFO
SIGUSR1: SIG_DFL, sa_mask[0]=00000000000000000000000000000000, sa_flags=none
SIGUSR2: [libjvm.dylib+0x46bc36], sa_mask[0]=00100000000000000000000000000000, sa_flags=SA_RESTART|SA_SIGINFO
SIGHUP: [libjvm.dylib+0x46a209], sa_mask[0]=11111111011111110111111111111111, sa_flags=SA_RESTART|SA_SIGINFO
SIGINT: [libjvm.dylib+0x46a209], sa_mask[0]=11111111011111110111111111111111, sa_flags=SA_RESTART|SA_SIGINFO
SIGTERM: [libjvm.dylib+0x46a209], sa_mask[0]=11111111011111110111111111111111, sa_flags=SA_RESTART|SA_SIGINFO
SIGQUIT: [libjvm.dylib+0x46a209], sa_mask[0]=11111111011111110111111111111111, sa_flags=SA_RESTART|SA_SIGINFO


---------------  S Y S T E M  ---------------

OS:Bsduname:Darwin 14.1.0 Darwin Kernel Version 14.1.0: Mon Dec 22 23:10:38 PST 2014; root:xnu-2782.10.72~2/RELEASE_X86_64 x86_64
rlimit: STACK 8192k, CORE 0k, NPROC 709, NOFILE 10240, AS infinity
load average:8.33 4.04 2.95

CPU:total 4 (2 cores per cpu, 2 threads per core) family 6 model 69 stepping 1, cmov, cx8, fxsr, mmx, sse, sse2, sse3, ssse3, sse4.1, sse4.2, popcnt, avx, avx2, aes, clmul, erms, lzcnt, ht, tsc, tscinvbit, bmi1, bmi2

Memory: 4k page, physical 8388608k(293868k free)

/proc/meminfo:


vm_info: Java HotSpot(TM) 64-Bit Server VM (25.40-b25) for bsd-amd64 JRE (1.8.0_40-b27), built on Mar 13 2015 04:46:52 by "java_re" with gcc 4.2.1 (Based on Apple Inc. build 5658) (LLVM build 2336.11.00)

time: Sat Jan 14 20:35:32 2017
elapsed time: 499 seconds (0d 0h 8m 19s)

